2020-06-03 14:49:33:524 : br.com.racingreader.RacingReaderApplication : [!] Informe o arquivos de entrada.
2020-06-03 14:49:44:885 : br.com.racingreader.RacingReaderApplication : [!] Informe o arquivos de entrada.
2020-06-03 14:50:40:935 : br.com.racingreader.RacingReaderApplication : [!] Informe o arquivos de entrada.
2020-06-03 14:53:17:755 : br.com.racingreader.RacingReaderApplication : [!] Informe o arquivos de entrada.
2020-06-03 14:53:24:274 : br.com.racingreader.RacingReaderApplication : [!] Informe o arquivos de entrada.
2020-06-03 14:53:48:509 : br.com.racingreader.RacingReaderApplication : [!] Informe o arquivos de entrada.
2020-06-03 20:49:40:660 : br.com.racingreader.RacingReaderApplication : fileNameInput: [race.txt]
2020-06-03 20:50:07:780 : br.com.racingreader.RacingReaderApplication : [!] Erro durante a execução: [[!] Arquivo não encontrado.].
2020-06-03 20:52:47:057 : br.com.racingreader.RacingReaderApplication : fileNameInput: [race.txt]
2020-06-03 20:53:01:303 : br.com.racingreader.RacingReaderApplication : [!] Erro durante a execução: [[!] Arquivo não encontrado.].
2020-06-03 20:54:48:960 : br.com.racingreader.RacingReaderApplication : fileNameInput: [input.txt]
2020-06-03 20:55:21:950 : br.com.racingreader.RacingReaderApplication : Iniciando leitura...
2020-06-03 20:55:24:609 : br.com.racingreader.RacingReaderApplication : Leitura finalizada!
2020-06-03 21:12:26 : br.com.racingreader.RacingReaderApplication : Iniciando leitura...
2020-06-03 21:12:26 : br.com.racingreader.RacingReaderApplication : Leitura finalizada!
2020-06-03 21:14:52 : br.com.racingreader.RacingReaderApplication : Iniciando leitura...
2020-06-03 21:14:52 : br.com.racingreader.RacingReaderApplication : Leitura finalizada!
2020-06-03 21:16:00 : br.com.racingreader.RacingReaderApplication : Iniciando leitura...
2020-06-03 21:18:36 : br.com.racingreader.RacingReaderApplication : Iniciando leitura...
2020-06-03 21:18:37 : br.com.racingreader.RacingReaderApplication : Leitura finalizada!
2020-06-03 21:19:58 : br.com.racingreader.RacingReaderApplication : Iniciando leitura...
2020-06-03 21:19:58 : br.com.racingreader.RacingReaderApplication : Leitura finalizada!
2020-06-03 21:22:27 : br.com.racingreader.RacingReaderApplication : Iniciando leitura...
2020-06-03 21:22:27 : br.com.racingreader.RacingReaderApplication : Leitura finalizada!
2020-06-03 21:23:04 : br.com.racingreader.RacingReaderApplication : Iniciando leitura...
2020-06-03 21:23:04 : br.com.racingreader.RacingReaderApplication : Leitura finalizada!
2020-06-03 21:26:46 : br.com.racingreader.RacingReaderApplication : Iniciando leitura...
2020-06-03 21:29:27 : br.com.racingreader.RacingReaderApplication : Iniciando leitura...
2020-06-03 21:29:27 : br.com.racingreader.RacingReaderApplication : Leitura finalizada!
2020-06-03 21:30:07 : br.com.racingreader.RacingReaderApplication : Iniciando leitura...
2020-06-03 21:30:07 : br.com.racingreader.RacingReaderApplication : Leitura finalizada!
2020-06-03 21:31:50 : br.com.racingreader.RacingReaderApplication : Iniciando leitura...
2020-06-03 21:31:50 : br.com.racingreader.RacingReaderApplication : Leitura finalizada!
2020-06-03 21:32:12 : br.com.racingreader.RacingReaderApplication : Iniciando leitura...
2020-06-03 21:32:12 : br.com.racingreader.RacingReaderApplication : Leitura finalizada!
2020-06-03 21:32:40 : br.com.racingreader.RacingReaderApplication : Iniciando leitura...
2020-06-03 21:32:40 : br.com.racingreader.RacingReaderApplication : Leitura finalizada!
2020-06-03 21:41:33 : br.com.racingreader.RacingReaderApplication : Iniciando leitura...
2020-06-03 21:41:33 : br.com.racingreader.RacingReaderApplication : Leitura finalizada!
2020-06-03 21:41:45 : br.com.racingreader.RacingReaderApplication : Iniciando leitura...
2020-06-03 21:41:45 : br.com.racingreader.RacingReaderApplication : Leitura finalizada!
2020-06-03 21:42:01 : br.com.racingreader.RacingReaderApplication : Iniciando leitura...
2020-06-03 21:42:01 : br.com.racingreader.RacingReaderApplication : Leitura finalizada!
2020-06-03 21:42:41 : br.com.racingreader.RacingReaderApplication : Iniciando leitura...
2020-06-03 21:42:41 : br.com.racingreader.RacingReaderApplication : Leitura finalizada!
2020-06-03 21:43:39 : br.com.racingreader.RacingReaderApplication : Iniciando leitura...
2020-06-03 21:43:39 : br.com.racingreader.RacingReaderApplication : Leitura finalizada!
2020-06-03 21:44:07 : br.com.racingreader.RacingReaderApplication : Iniciando leitura...
2020-06-03 21:44:07 : br.com.racingreader.RacingReaderApplication : Leitura finalizada!
2020-06-03 21:44:53 : br.com.racingreader.RacingReaderApplication : Iniciando leitura...
2020-06-03 21:44:53 : br.com.racingreader.RacingReaderApplication : Leitura finalizada!
2020-06-03 21:45:21 : br.com.racingreader.RacingReaderApplication : Iniciando leitura...
2020-06-03 21:45:21 : br.com.racingreader.RacingReaderApplication : Leitura finalizada!
2020-06-03 21:45:40 : br.com.racingreader.RacingReaderApplication : Iniciando leitura...
2020-06-03 21:45:40 : br.com.racingreader.RacingReaderApplication : Leitura finalizada!
2020-06-03 21:46:28 : br.com.racingreader.RacingReaderApplication : Iniciando leitura...
2020-06-03 21:46:28 : br.com.racingreader.RacingReaderApplication : Leitura finalizada!
2020-06-03 21:46:44 : br.com.racingreader.RacingReaderApplication : Iniciando leitura...
2020-06-03 21:46:44 : br.com.racingreader.RacingReaderApplication : Leitura finalizada!
2020-06-03 21:47:18 : br.com.racingreader.RacingReaderApplication : Iniciando leitura...
2020-06-03 21:47:18 : br.com.racingreader.RacingReaderApplication : Leitura finalizada!
2020-06-03 21:50:57 : br.com.racingreader.RacingReaderApplication : Iniciando leitura...
2020-06-03 21:50:57 : br.com.racingreader.RacingReaderApplication : Leitura finalizada!
2020-06-03 21:51:48 : br.com.racingreader.RacingReaderApplication : Iniciando leitura...
2020-06-03 21:51:48 : br.com.racingreader.RacingReaderApplication : Leitura finalizada!
2020-06-03 21:51:57 : br.com.racingreader.RacingReaderApplication : Iniciando leitura...
2020-06-03 21:51:57 : br.com.racingreader.RacingReaderApplication : Leitura finalizada!
2020-06-03 21:52:20 : br.com.racingreader.RacingReaderApplication : Iniciando leitura...
2020-06-03 21:52:21 : br.com.racingreader.RacingReaderApplication : Leitura finalizada!
2020-06-03 21:52:40 : br.com.racingreader.RacingReaderApplication : Iniciando leitura...
2020-06-03 21:52:41 : br.com.racingreader.RacingReaderApplication : Leitura finalizada!
2020-06-03 21:56:48 : br.com.racingreader.RacingReaderApplication : Iniciando leitura...
2020-06-03 21:56:57 : br.com.racingreader.RacingReaderApplication : Iniciando leitura...
2020-06-03 21:57:11 : br.com.racingreader.RacingReaderApplication : Iniciando leitura...
2020-06-03 21:57:55 : br.com.racingreader.RacingReaderApplication : Iniciando leitura...
2020-06-03 22:01:58 : br.com.racingreader.RacingReaderApplication : Iniciando leitura...
2020-06-03 22:03:27 : br.com.racingreader.RacingReaderApplication : Iniciando leitura...
2020-06-03 22:03:35 : br.com.racingreader.RacingReaderApplication : Leitura finalizada!
2020-06-03 22:04:09 : br.com.racingreader.RacingReaderApplication : Iniciando leitura...
2020-06-03 22:04:09 : br.com.racingreader.RacingReaderApplication : Leitura finalizada!
2020-06-03 22:07:15 : br.com.racingreader.RacingReaderApplication : Iniciando leitura...
2020-06-03 22:07:15 : br.com.racingreader.RacingReaderApplication : Leitura finalizada!
2020-06-03 22:07:37 : br.com.racingreader.RacingReaderApplication : Iniciando leitura...
2020-06-03 22:07:37 : br.com.racingreader.RacingReaderApplication : Leitura finalizada!
2020-06-03 22:08:29 : br.com.racingreader.RacingReaderApplication : Iniciando leitura...
2020-06-03 22:08:29 : br.com.racingreader.RacingReaderApplication : Leitura finalizada!
2020-06-03 22:08:46 : br.com.racingreader.RacingReaderApplication : Iniciando leitura...
2020-06-03 22:08:46 : br.com.racingreader.RacingReaderApplication : Leitura finalizada!
2020-06-03 22:09:35 : br.com.racingreader.RacingReaderApplication : Iniciando leitura...
2020-06-03 22:09:35 : br.com.racingreader.RacingReaderApplication : Leitura finalizada!
2020-06-03 22:10:26 : br.com.racingreader.RacingReaderApplication : Iniciando leitura...
2020-06-03 22:10:26 : br.com.racingreader.RacingReaderApplication : Leitura finalizada!
2020-06-03 22:10:42 : br.com.racingreader.RacingReaderApplication : Iniciando leitura...
2020-06-03 22:10:42 : br.com.racingreader.RacingReaderApplication : Leitura finalizada!
2020-06-03 22:11:18 : br.com.racingreader.RacingReaderApplication : Iniciando leitura...
2020-06-03 22:11:18 : br.com.racingreader.RacingReaderApplication : Leitura finalizada!
2020-06-03 22:11:45 : br.com.racingreader.RacingReaderApplication : Iniciando leitura...
2020-06-03 22:11:45 : br.com.racingreader.RacingReaderApplication : Leitura finalizada!
2020-06-03 22:12:43 : br.com.racingreader.RacingReaderApplication : Iniciando leitura...
2020-06-03 22:12:43 : br.com.racingreader.RacingReaderApplication : Leitura finalizada!
2020-06-03 22:14:34 : br.com.racingreader.RacingReaderApplication : Iniciando leitura...
2020-06-03 22:14:34 : br.com.racingreader.RacingReaderApplication : Leitura finalizada!
2020-06-03 22:15:38 : br.com.racingreader.RacingReaderApplication : Iniciando leitura...
2020-06-03 22:15:38 : br.com.racingreader.RacingReaderApplication : Leitura finalizada!
2020-06-03 22:17:15 : br.com.racingreader.RacingReaderApplication : Iniciando leitura...
2020-06-03 22:17:15 : br.com.racingreader.RacingReaderApplication : Leitura finalizada!
2020-06-03 22:17:42 : br.com.racingreader.RacingReaderApplication : Iniciando leitura...
2020-06-03 22:17:42 : br.com.racingreader.RacingReaderApplication : Leitura finalizada!
2020-06-03 22:22:04 : br.com.racingreader.RacingReaderApplication : Iniciando leitura...
2020-06-03 22:22:04 : br.com.racingreader.RacingReaderApplication : Leitura finalizada!
2020-06-03 22:22:47 : br.com.racingreader.RacingReaderApplication : Iniciando leitura...
2020-06-03 22:22:47 : br.com.racingreader.RacingReaderApplication : Leitura finalizada!
2020-06-03 22:36:57 : br.com.racingreader.RacingReaderApplication : Iniciando leitura...
2020-06-03 22:36:57 : br.com.racingreader.RacingReaderApplication : Leitura finalizada!
2020-06-03 22:39:42 : br.com.racingreader.RacingReaderApplication : Iniciando leitura...
2020-06-03 22:39:42 : br.com.racingreader.RacingReaderApplication : Leitura finalizada!
2020-06-03 22:41:19 : br.com.racingreader.RacingReaderApplication : Iniciando leitura...
2020-06-03 22:41:19 : br.com.racingreader.RacingReaderApplication : Leitura finalizada!
2020-06-03 22:41:33 : br.com.racingreader.RacingReaderApplication : Iniciando leitura...
2020-06-03 22:41:33 : br.com.racingreader.RacingReaderApplication : Leitura finalizada!
2020-06-03 22:43:26 : br.com.racingreader.RacingReaderApplication : Iniciando leitura...
2020-06-03 22:43:26 : br.com.racingreader.RacingReaderApplication : Leitura finalizada!
2020-06-03 22:47:13 : br.com.racingreader.RacingReaderApplication : Iniciando leitura...
2020-06-03 22:47:13 : br.com.racingreader.RacingReaderApplication : Leitura finalizada!
2020-06-03 22:50:00 : br.com.racingreader.RacingReaderApplication : Iniciando leitura...
2020-06-03 22:50:00 : br.com.racingreader.RacingReaderApplication : Leitura finalizada!
2020-06-03 22:52:31 : br.com.racingreader.RacingReaderApplication : Iniciando leitura...
2020-06-03 22:52:31 : br.com.racingreader.RacingReaderApplication : Leitura finalizada!
2020-06-03 22:55:34 : br.com.racingreader.RacingReaderApplication : Iniciando leitura...
2020-06-03 22:55:34 : br.com.racingreader.RacingReaderApplication : Leitura finalizada!
2020-06-03 23:03:28 : br.com.racingreader.RacingReaderApplication : Iniciando leitura...
2020-06-03 23:03:28 : br.com.racingreader.RacingReaderApplication : Leitura finalizada!
2020-06-03 23:03:46 : br.com.racingreader.RacingReaderApplication : Iniciando leitura...
2020-06-03 23:04:28 : br.com.racingreader.RacingReaderApplication : Leitura finalizada!
2020-06-03 23:04:51 : br.com.racingreader.RacingReaderApplication : Iniciando leitura...
2020-06-03 23:05:17 : br.com.racingreader.RacingReaderApplication : Leitura finalizada!
2020-06-03 23:05:34 : br.com.racingreader.RacingReaderApplication : Iniciando leitura...
2020-06-03 23:05:44 : br.com.racingreader.RacingReaderApplication : Leitura finalizada!
2020-06-03 23:07:24 : br.com.racingreader.RacingReaderApplication : Iniciando leitura...
2020-06-03 23:07:25 : br.com.racingreader.RacingReaderApplication : Leitura finalizada!
2020-06-03 23:10:04 : br.com.racingreader.RacingReaderApplication : Iniciando leitura...
2020-06-03 23:10:04 : br.com.racingreader.RacingReaderApplication : Leitura finalizada!
2020-06-03 23:10:25 : br.com.racingreader.RacingReaderApplication : Iniciando leitura...
2020-06-03 23:10:26 : br.com.racingreader.RacingReaderApplication : Leitura finalizada!
2020-06-03 23:11:03 : br.com.racingreader.RacingReaderApplication : Iniciando leitura...
2020-06-03 23:11:50 : br.com.racingreader.RacingReaderApplication : Leitura finalizada!
2020-06-03 23:13:36 : br.com.racingreader.RacingReaderApplication : Iniciando leitura...
2020-06-03 23:13:43 : br.com.racingreader.RacingReaderApplication : Leitura finalizada!
2020-06-03 23:14:41 : br.com.racingreader.RacingReaderApplication : Iniciando leitura...
2020-06-03 23:14:41 : br.com.racingreader.RacingReaderApplication : Leitura finalizada!
2020-06-03 23:16:01 : br.com.racingreader.RacingReaderApplication : Iniciando leitura...
2020-06-03 23:16:01 : br.com.racingreader.RacingReaderApplication : Leitura finalizada!
2020-06-03 23:18:03 : br.com.racingreader.RacingReaderApplication : Iniciando leitura...
2020-06-03 23:18:03 : br.com.racingreader.RacingReaderApplication : Leitura finalizada!
2020-06-03 23:22:35 : br.com.racingreader.RacingReaderApplication : Iniciando leitura...
2020-06-03 23:22:35 : br.com.racingreader.RacingReaderApplication : Leitura finalizada!
2020-06-03 23:22:56 : br.com.racingreader.RacingReaderApplication : Iniciando leitura...
2020-06-03 23:22:56 : br.com.racingreader.RacingReaderApplication : Leitura finalizada!
2020-06-03 23:24:08 : br.com.racingreader.RacingReaderApplication : Iniciando leitura...
2020-06-03 23:24:08 : br.com.racingreader.RacingReaderApplication : Leitura finalizada!
2020-06-03 23:31:10 : br.com.racingreader.RacingReaderApplication : Iniciando leitura...
2020-06-03 23:31:10 : br.com.racingreader.RacingReaderApplication : Leitura finalizada!
2020-06-03 23:31:26 : br.com.racingreader.RacingReaderApplication : Iniciando leitura...
2020-06-03 23:31:26 : br.com.racingreader.RacingReaderApplication : Leitura finalizada!
2020-06-03 23:32:43 : br.com.racingreader.RacingReaderApplication : Iniciando leitura...
2020-06-03 23:32:44 : br.com.racingreader.RacingReaderApplication : Leitura finalizada!
2020-06-03 23:35:54 : br.com.racingreader.RacingReaderApplication : Iniciando leitura...
2020-06-03 23:35:54 : br.com.racingreader.RacingReaderApplication : Leitura finalizada!
2020-06-03 23:37:46 : br.com.racingreader.RacingReaderApplication : Iniciando leitura...
2020-06-03 23:37:46 : br.com.racingreader.RacingReaderApplication : Leitura finalizada!
2020-06-03 23:46:20 : br.com.racingreader.RacingReaderApplication : Iniciando leitura...
2020-06-03 23:46:20 : br.com.racingreader.RacingReaderApplication : Leitura finalizada!
2020-06-03 23:52:54 : br.com.racingreader.RacingReaderApplication : Iniciando leitura...
2020-06-03 23:52:54 : br.com.racingreader.RacingReaderApplication : Leitura finalizada!
2020-06-04 00:00:25 : br.com.racingreader.RacingReaderApplication : Iniciando leitura...
2020-06-04 00:00:25 : br.com.racingreader.RacingReaderApplication : Leitura finalizada!
2020-06-04 00:08:59 : br.com.racingreader.RacingReaderApplication : Iniciando leitura...
2020-06-04 00:08:59 : br.com.racingreader.RacingReaderApplication : Leitura finalizada!
2020-06-04 00:11:52 : br.com.racingreader.RacingReaderApplication : Iniciando leitura...
2020-06-04 00:11:52 : br.com.racingreader.RacingReaderApplication : Leitura finalizada!
2020-06-04 00:12:10 : br.com.racingreader.RacingReaderApplication : Iniciando leitura...
2020-06-04 00:12:27 : br.com.racingreader.RacingReaderApplication : Iniciando leitura...
2020-06-04 00:12:27 : br.com.racingreader.RacingReaderApplication : Leitura finalizada!
2020-06-04 00:19:02 : br.com.racingreader.RacingReaderApplication : Iniciando leitura...
2020-06-04 00:19:02 : br.com.racingreader.RacingReaderApplication : Leitura finalizada!
2020-06-04 00:20:28 : br.com.racingreader.RacingReaderApplication : Iniciando leitura...
2020-06-04 00:20:28 : br.com.racingreader.RacingReaderApplication : Leitura finalizada!
2020-06-04 00:26:48 : br.com.racingreader.RacingReaderApplication : Iniciando leitura...
2020-06-04 00:26:49 : br.com.racingreader.RacingReaderApplication : Leitura finalizada!
2020-06-04 00:27:56 : br.com.racingreader.RacingReaderApplication : Iniciando leitura...
2020-06-04 00:27:56 : br.com.racingreader.RacingReaderApplication : Leitura finalizada!
2020-06-04 00:28:28 : br.com.racingreader.RacingReaderApplication : Iniciando leitura...
2020-06-04 00:28:28 : br.com.racingreader.RacingReaderApplication : Leitura finalizada!
2020-06-04 00:28:46 : br.com.racingreader.RacingReaderApplication : Iniciando leitura...
2020-06-04 00:28:46 : br.com.racingreader.RacingReaderApplication : Leitura finalizada!
2020-06-04 00:29:10 : br.com.racingreader.RacingReaderApplication : Iniciando leitura...
2020-06-04 00:29:10 : br.com.racingreader.RacingReaderApplication : Leitura finalizada!
2020-06-04 00:30:14 : br.com.racingreader.RacingReaderApplication : Iniciando leitura...
2020-06-04 00:30:14 : br.com.racingreader.RacingReaderApplication : Leitura finalizada!
2020-06-04 00:30:50 : br.com.racingreader.RacingReaderApplication : Iniciando leitura...
2020-06-04 00:30:50 : br.com.racingreader.RacingReaderApplication : Leitura finalizada!
2020-06-04 00:32:00 : br.com.racingreader.RacingReaderApplication : Iniciando leitura...
2020-06-04 00:32:00 : br.com.racingreader.RacingReaderApplication : Leitura finalizada!
2020-06-04 00:32:29 : br.com.racingreader.RacingReaderApplication : Iniciando leitura...
2020-06-04 00:32:29 : br.com.racingreader.RacingReaderApplication : Leitura finalizada!
2020-06-04 00:32:57 : br.com.racingreader.RacingReaderApplication : Iniciando leitura...
2020-06-04 00:32:57 : br.com.racingreader.RacingReaderApplication : Leitura finalizada!
2020-06-04 00:33:20 : br.com.racingreader.RacingReaderApplication : Iniciando leitura...
2020-06-04 00:33:20 : br.com.racingreader.RacingReaderApplication : Leitura finalizada!
2020-06-04 00:33:52 : br.com.racingreader.RacingReaderApplication : Iniciando leitura...
2020-06-04 00:33:52 : br.com.racingreader.RacingReaderApplication : Leitura finalizada!
2020-06-04 00:35:04 : br.com.racingreader.RacingReaderApplication : Iniciando leitura...
2020-06-04 00:35:04 : br.com.racingreader.RacingReaderApplication : Leitura finalizada!
2020-06-04 00:35:29 : br.com.racingreader.RacingReaderApplication : Iniciando leitura...
2020-06-04 00:35:29 : br.com.racingreader.RacingReaderApplication : Leitura finalizada!
2020-06-04 00:37:09 : br.com.racingreader.RacingReaderApplication : Iniciando leitura...
2020-06-04 00:37:09 : br.com.racingreader.RacingReaderApplication : Leitura finalizada!
2020-06-04 00:38:01 : br.com.racingreader.RacingReaderApplication : Iniciando leitura...
2020-06-04 00:38:30 : br.com.racingreader.RacingReaderApplication : Leitura finalizada!
2020-06-04 00:40:13 : br.com.racingreader.RacingReaderApplication : Iniciando leitura...
2020-06-04 00:40:53 : br.com.racingreader.RacingReaderApplication : Iniciando leitura...
2020-06-04 00:41:26 : br.com.racingreader.RacingReaderApplication : Iniciando leitura...
2020-06-04 00:42:24 : br.com.racingreader.RacingReaderApplication : Iniciando leitura...
2020-06-04 00:42:33 : br.com.racingreader.RacingReaderApplication : Leitura finalizada!
2020-06-04 00:44:07 : br.com.racingreader.RacingReaderApplication : Iniciando leitura...
2020-06-04 00:46:03 : br.com.racingreader.RacingReaderApplication : Iniciando leitura...
2020-06-04 00:47:01 : br.com.racingreader.RacingReaderApplication : Iniciando leitura...
2020-06-04 00:47:26 : br.com.racingreader.RacingReaderApplication : Iniciando leitura...
2020-06-04 00:47:26 : br.com.racingreader.RacingReaderApplication : Leitura finalizada!
2020-06-04 00:49:17 : br.com.racingreader.RacingReaderApplication : Iniciando leitura...
2020-06-04 00:49:17 : br.com.racingreader.RacingReaderApplication : Leitura finalizada!
2020-06-04 00:51:19 : br.com.racingreader.RacingReaderApplication : Iniciando leitura...
2020-06-04 00:51:19 : br.com.racingreader.RacingReaderApplication : Leitura finalizada!
2020-06-04 00:53:42 : br.com.racingreader.RacingReaderApplication : Iniciando leitura...
2020-06-04 00:53:42 : br.com.racingreader.RacingReaderApplication : Leitura finalizada!
2020-06-04 00:55:43 : br.com.racingreader.RacingReaderApplication : Iniciando leitura...
2020-06-04 00:55:43 : br.com.racingreader.RacingReaderApplication : Leitura finalizada!
2020-06-04 00:57:29 : br.com.racingreader.RacingReaderApplication : Iniciando leitura...
2020-06-04 00:57:29 : br.com.racingreader.RacingReaderApplication : Leitura finalizada!
2020-06-04 00:58:39 : br.com.racingreader.RacingReaderApplication : Iniciando leitura...
2020-06-04 00:58:40 : br.com.racingreader.RacingReaderApplication : Leitura finalizada!
2020-06-04 00:59:15 : br.com.racingreader.RacingReaderApplication : Iniciando leitura...
2020-06-04 00:59:16 : br.com.racingreader.RacingReaderApplication : Leitura finalizada!
2020-06-04 00:59:46 : br.com.racingreader.RacingReaderApplication : Iniciando leitura...
2020-06-04 01:00:59 : br.com.racingreader.RacingReaderApplication : Leitura finalizada!
2020-06-04 01:01:10 : br.com.racingreader.RacingReaderApplication : Iniciando leitura...
2020-06-04 01:01:10 : br.com.racingreader.RacingReaderApplication : Leitura finalizada!
2020-06-04 01:01:58 : br.com.racingreader.RacingReaderApplication : Iniciando leitura...
2020-06-04 01:01:58 : br.com.racingreader.RacingReaderApplication : Leitura finalizada!
2020-06-04 01:02:15 : br.com.racingreader.RacingReaderApplication : Iniciando leitura...
2020-06-04 01:02:16 : br.com.racingreader.RacingReaderApplication : Leitura finalizada!
2020-06-04 01:03:11 : br.com.racingreader.RacingReaderApplication : Iniciando leitura...
2020-06-04 01:03:11 : br.com.racingreader.RacingReaderApplication : Leitura finalizada!
2020-06-04 01:03:45 : br.com.racingreader.RacingReaderApplication : Iniciando leitura...
2020-06-04 01:03:45 : br.com.racingreader.RacingReaderApplication : Leitura finalizada!
2020-06-04 01:06:11 : br.com.racingreader.RacingReaderApplication : Iniciando leitura...
2020-06-04 01:06:26 : br.com.racingreader.RacingReaderApplication : Iniciando leitura...
2020-06-04 01:06:26 : br.com.racingreader.RacingReaderApplication : Leitura finalizada!
2020-06-04 01:07:12 : br.com.racingreader.RacingReaderApplication : Iniciando leitura...
2020-06-04 01:07:12 : br.com.racingreader.RacingReaderApplication : Leitura finalizada!
2020-06-04 01:08:31 : br.com.racingreader.RacingReaderApplication : Iniciando leitura...
2020-06-04 01:08:31 : br.com.racingreader.RacingReaderApplication : Leitura finalizada!
2020-06-04 01:08:56 : br.com.racingreader.RacingReaderApplication : Iniciando leitura...
2020-06-04 01:08:56 : br.com.racingreader.RacingReaderApplication : Leitura finalizada!
2020-06-04 01:10:40 : br.com.racingreader.RacingReaderApplication : Iniciando leitura...
2020-06-04 01:10:40 : br.com.racingreader.RacingReaderApplication : Leitura finalizada!
2020-06-04 01:11:13 : br.com.racingreader.RacingReaderApplication : Iniciando leitura...
2020-06-04 01:11:13 : br.com.racingreader.RacingReaderApplication : Leitura finalizada!
2020-06-04 01:11:32 : br.com.racingreader.RacingReaderApplication : Iniciando leitura...
2020-06-04 01:11:32 : br.com.racingreader.RacingReaderApplication : Leitura finalizada!
2020-06-04 01:11:49 : br.com.racingreader.RacingReaderApplication : Iniciando leitura...
2020-06-04 01:11:50 : br.com.racingreader.RacingReaderApplication : Leitura finalizada!
2020-06-04 01:12:21 : br.com.racingreader.RacingReaderApplication : Iniciando leitura...
2020-06-04 01:12:21 : br.com.racingreader.RacingReaderApplication : Leitura finalizada!
2020-06-04 01:16:12 : br.com.racingreader.RacingReaderApplication : Iniciando leitura...
2020-06-04 01:16:12 : br.com.racingreader.RacingReaderApplication : Leitura finalizada!
2020-06-04 01:16:29 : br.com.racingreader.RacingReaderApplication : Iniciando leitura...
2020-06-04 01:16:29 : br.com.racingreader.RacingReaderApplication : Leitura finalizada!
2020-06-04 01:16:47 : br.com.racingreader.RacingReaderApplication : Iniciando leitura...
2020-06-04 01:16:47 : br.com.racingreader.RacingReaderApplication : Leitura finalizada!
2020-06-04 01:17:09 : br.com.racingreader.RacingReaderApplication : Iniciando leitura...
2020-06-04 01:17:09 : br.com.racingreader.RacingReaderApplication : Leitura finalizada!
2020-06-04 01:17:59 : br.com.racingreader.RacingReaderApplication : Iniciando leitura...
2020-06-04 01:17:59 : br.com.racingreader.RacingReaderApplication : Leitura finalizada!
2020-06-04 01:18:20 : br.com.racingreader.RacingReaderApplication : Iniciando leitura...
2020-06-04 01:18:20 : br.com.racingreader.RacingReaderApplication : Leitura finalizada!
2020-06-04 01:18:38 : br.com.racingreader.RacingReaderApplication : Iniciando leitura...
2020-06-04 01:18:38 : br.com.racingreader.RacingReaderApplication : Leitura finalizada!
2020-06-04 01:22:54 : br.com.racingreader.RacingReaderApplication : Iniciando leitura...
2020-06-04 01:22:54 : br.com.racingreader.RacingReaderApplication : Leitura finalizada!
2020-06-04 01:24:20 : br.com.racingreader.RacingReaderApplication : Iniciando leitura...
2020-06-04 01:24:20 : br.com.racingreader.RacingReaderApplication : Leitura finalizada!
2020-06-04 01:26:27 : br.com.racingreader.RacingReaderApplication : Iniciando leitura...
2020-06-04 01:26:27 : br.com.racingreader.RacingReaderApplication : Leitura finalizada!
2020-06-04 01:38:33 : br.com.racingreader.RacingReaderApplication : Iniciando leitura...
2020-06-04 01:38:33 : br.com.racingreader.RacingReaderApplication : Leitura finalizada!
2020-06-04 01:39:02 : br.com.racingreader.RacingReaderApplication : Iniciando leitura...
2020-06-04 01:39:52 : br.com.racingreader.RacingReaderApplication : Leitura finalizada!
2020-06-04 01:44:42 : br.com.racingreader.RacingReaderApplication : Iniciando leitura...
2020-06-04 01:44:42 : br.com.racingreader.RacingReaderApplication : Leitura finalizada!
2020-06-04 01:46:01 : br.com.racingreader.RacingReaderApplication : Iniciando leitura...
2020-06-04 01:46:01 : br.com.racingreader.RacingReaderApplication : Leitura finalizada!
2020-06-04 01:46:15 : br.com.racingreader.RacingReaderApplication : Iniciando leitura...
2020-06-04 01:46:15 : br.com.racingreader.RacingReaderApplication : Leitura finalizada!
2020-06-04 01:46:33 : br.com.racingreader.RacingReaderApplication : Iniciando leitura...
2020-06-04 01:46:33 : br.com.racingreader.RacingReaderApplication : Leitura finalizada!
2020-06-04 01:47:19 : br.com.racingreader.RacingReaderApplication : Iniciando leitura...
2020-06-04 01:47:30 : br.com.racingreader.RacingReaderApplication : Iniciando leitura...
2020-06-04 01:47:30 : br.com.racingreader.RacingReaderApplication : Leitura finalizada!
2020-06-04 01:48:31 : br.com.racingreader.RacingReaderApplication : Iniciando leitura...
2020-06-04 01:48:31 : br.com.racingreader.RacingReaderApplication : Leitura finalizada!
2020-06-04 01:57:05 : br.com.racingreader.RacingReaderApplication : Iniciando leitura...
2020-06-04 01:57:05 : br.com.racingreader.RacingReaderApplication : Leitura finalizada!
2020-06-04 01:57:52 : br.com.racingreader.RacingReaderApplication : Iniciando leitura...
2020-06-04 01:57:52 : br.com.racingreader.RacingReaderApplication : Leitura finalizada!
2020-06-04 01:58:19 : br.com.racingreader.RacingReaderApplication : Iniciando leitura...
2020-06-04 01:58:58 : br.com.racingreader.RacingReaderApplication : Iniciando leitura...
2020-06-04 02:00:23 : br.com.racingreader.RacingReaderApplication : Iniciando leitura...
2020-06-04 02:00:43 : br.com.racingreader.RacingReaderApplication : Iniciando leitura...
2020-06-04 02:01:32 : br.com.racingreader.RacingReaderApplication : Iniciando leitura...
2020-06-04 02:02:37 : br.com.racingreader.RacingReaderApplication : Iniciando leitura...
2020-06-04 02:05:19 : br.com.racingreader.RacingReaderApplication : Iniciando leitura...
2020-06-04 02:05:56 : br.com.racingreader.RacingReaderApplication : Iniciando leitura...
2020-06-04 02:05:59 : br.com.racingreader.RacingReaderApplication : Leitura finalizada!
2020-06-04 02:09:32 : br.com.racingreader.RacingReaderApplication : Iniciando leitura...
2020-06-04 02:09:47 : br.com.racingreader.RacingReaderApplication : Leitura finalizada!
